<?xml version="1.0" encoding="UTF-8"?>
<!-- Generated by org.testng.reporters.JUnitReportReporter -->
<testsuite hostname="Gagan" failures="0" tests="3" name="com.comcast.crm.orgtest.CreateOrganizationTest" time="119.155" errors="0" timestamp="16 May 2024 17:11:26 GMT" skipped="0">
  <testcase classname="com.comcast.crm.orgtest.CreateOrganizationTest" name="createOrgWithPhoneNumberTest" time="44.500"/>
  <testcase classname="com.comcast.crm.orgtest.CreateOrganizationTest" name="createOrganizationWithIndustriesTest" time="33.463"/>
  <testcase classname="com.comcast.crm.orgtest.CreateOrganizationTest" name="createOrganizationTest" time="41.192"/>
</testsuite> <!-- com.comcast.crm.orgtest.CreateOrganizationTest -->
