<?xml version="1.0" encoding="UTF-8"?>
<!-- Generated by org.testng.reporters.JUnitReportReporter -->
<testsuite hostname="Gagan" failures="0" tests="1" name="com.comcast.crm.contacttest.CreateContactTest_IntegrationTestScript2" time="21.276" errors="0" timestamp="17 May 2024 07:39:22 GMT" skipped="0">
  <testcase classname="com.comcast.crm.contacttest.CreateContactTest_IntegrationTestScript2" name="createContactWithSupportDateTest" time="21.276"/>
</testsuite> <!-- com.comcast.crm.contacttest.CreateContactTest_IntegrationTestScript2 -->
