<?xml version="1.0" encoding="UTF-8"?>
<!-- Generated by org.testng.reporters.JUnitReportReporter -->
<testsuite hostname="Gagan" failures="0" tests="1" name="com.comcast.crm.orgtest.CreateOrganizationTest" time="12.100" errors="0" timestamp="29 May 2024 14:52:53 GMT" skipped="0">
  <testcase classname="com.comcast.crm.orgtest.CreateOrganizationTest" name="createOrgWithPhoneNumberTest" time="12.100"/>
</testsuite> <!-- com.comcast.crm.orgtest.CreateOrganizationTest -->
