<?xml version="1.0" encoding="UTF-8"?>
<!-- Generated by org.testng.reporters.JUnitReportReporter -->
<testsuite hostname="Gagan" failures="0" tests="3" name="com.comcast.crm.contacttest.CreateContactTest_IntegrationTestScript" time="45.449" errors="0" timestamp="17 May 2024 10:57:21 GMT" skipped="0">
  <testcase classname="com.comcast.crm.contacttest.CreateContactTest_IntegrationTestScript" name="createContactWithOrgTest" time="20.115"/>
  <testcase classname="com.comcast.crm.contacttest.CreateContactTest_IntegrationTestScript" name="createContactWithSupportDateTest" time="12.641"/>
  <testcase classname="com.comcast.crm.contacttest.CreateContactTest_IntegrationTestScript" name="createContactTest" time="12.693"/>
</testsuite> <!-- com.comcast.crm.contacttest.CreateContactTest_IntegrationTestScript -->
