<?xml version="1.0" encoding="UTF-8"?>
<!-- Generated by org.testng.reporters.JUnitReportReporter -->
<testsuite hostname="Gagan" failures="0" tests="3" name="com.comcast.crm.orgtest.CreateOrganizationTest" time="37.673" errors="0" timestamp="17 May 2024 10:57:21 GMT" skipped="0">
  <testcase classname="com.comcast.crm.orgtest.CreateOrganizationTest" name="createOrganizationWithIndustriesTest" time="13.460"/>
  <testcase classname="com.comcast.crm.orgtest.CreateOrganizationTest" name="createOrganizationTest" time="11.984"/>
  <testcase classname="com.comcast.crm.orgtest.CreateOrganizationTest" name="createOrgWithPhoneNumberTest" time="12.229"/>
</testsuite> <!-- com.comcast.crm.orgtest.CreateOrganizationTest -->
