<?xml version="1.0" encoding="UTF-8"?>
<!-- Generated by org.testng.reporters.JUnitReportReporter -->
<testsuite hostname="Gagan" failures="0" tests="3" name="com.comcast.crm.contacttest.CreateContactTest_IntegrationTestScript" time="75.981" errors="0" timestamp="17 May 2024 07:41:33 GMT" skipped="0">
  <testcase classname="com.comcast.crm.contacttest.CreateContactTest_IntegrationTestScript" name="createContactWithOrgTest" time="34.063"/>
  <testcase classname="com.comcast.crm.contacttest.CreateContactTest_IntegrationTestScript" name="createContactWithSupportDateTest" time="22.518"/>
  <testcase classname="com.comcast.crm.contacttest.CreateContactTest_IntegrationTestScript" name="createContactTest" time="19.400"/>
</testsuite> <!-- com.comcast.crm.contacttest.CreateContactTest_IntegrationTestScript -->
